Determining if the pthread_create exist failed with the following output:
Change Dir: /home/xy/PROG/testing/ros/alvarTest/build/CMakeFiles/CMakeTmp

Run Build Command:/usr/bin/make "cmTryCompileExec2987054244/fast"
/usr/bin/make -f CMakeFiles/cmTryCompileExec2987054244.dir/build.make CMakeFiles/cmTryCompileExec2987054244.dir/build
make[1]: Verzeichnis »/home/xy/PROG/testing/ros/alvarTest/build/CMakeFiles/CMakeTmp« wird betreten
/usr/bin/cmake -E cmake_progress_report /home/xy/PROG/testing/ros/alvarTest/build/CMakeFiles/CMakeTmp/CMakeFiles 1
Building C object CMakeFiles/cmTryCompileExec2987054244.dir/CheckSymbolExists.c.o
/usr/bin/cc    -o CMakeFiles/cmTryCompileExec2987054244.dir/CheckSymbolExists.c.o   -c /home/xy/PROG/testing/ros/alvarTest/build/CMakeFiles/CMakeTmp/CheckSymbolExists.c
Linking C executable cmTryCompileExec2987054244
/usr/bin/cmake -E cmake_link_script CMakeFiles/cmTryCompileExec2987054244.dir/link.txt --verbose=1
/usr/bin/cc       CMakeFiles/cmTryCompileExec2987054244.dir/CheckSymbolExists.c.o  -o cmTryCompileExec2987054244 -rdynamic 
CMakeFiles/cmTryCompileExec2987054244.dir/CheckSymbolExists.c.o: In Funktion `main':
CheckSymbolExists.c:(.text+0x16): Nicht definierter Verweis auf `pthread_create'
collect2: error: ld returned 1 exit status
make[1]: *** [cmTryCompileExec2987054244] Fehler 1
make[1]: Verzeichnis »/home/xy/PROG/testing/ros/alvarTest/build/CMakeFiles/CMakeTmp« wird verlassen
make: *** [cmTryCompileExec2987054244/fast] Fehler 2

File /home/xy/PROG/testing/ros/alvarTest/build/CMakeFiles/CMakeTmp/CheckSymbolExists.c:
/* */
#include <pthread.h>

int main(int argc, char** argv)
{
  (void)argv;
#ifndef pthread_create
  return ((int*)(&pthread_create))[argc];
#else
  (void)argc;
  return 0;
#endif
}

Determining if the function pthread_create exists in the pthreads failed with the following output:
Change Dir: /home/xy/PROG/testing/ros/alvarTest/build/CMakeFiles/CMakeTmp

Run Build Command:/usr/bin/make "cmTryCompileExec2562506977/fast"
/usr/bin/make -f CMakeFiles/cmTryCompileExec2562506977.dir/build.make CMakeFiles/cmTryCompileExec2562506977.dir/build
make[1]: Verzeichnis »/home/xy/PROG/testing/ros/alvarTest/build/CMakeFiles/CMakeTmp« wird betreten
/usr/bin/cmake -E cmake_progress_report /home/xy/PROG/testing/ros/alvarTest/build/CMakeFiles/CMakeTmp/CMakeFiles 1
Building C object CMakeFiles/cmTryCompileExec2562506977.dir/CheckFunctionExists.c.o
/usr/bin/cc   -DCHECK_FUNCTION_EXISTS=pthread_create   -o CMakeFiles/cmTryCompileExec2562506977.dir/CheckFunctionExists.c.o   -c /usr/share/cmake-2.8/Modules/CheckFunctionExists.c
Linking C executable cmTryCompileExec2562506977
/usr/bin/cmake -E cmake_link_script CMakeFiles/cmTryCompileExec2562506977.dir/link.txt --verbose=1
/usr/bin/cc   -DCHECK_FUNCTION_EXISTS=pthread_create    CMakeFiles/cmTryCompileExec2562506977.dir/CheckFunctionExists.c.o  -o cmTryCompileExec2562506977 -rdynamic -lpthreads 
/usr/bin/ld: cannot find -lpthreads
collect2: error: ld returned 1 exit status
make[1]: *** [cmTryCompileExec2562506977] Fehler 1
make[1]: Verzeichnis »/home/xy/PROG/testing/ros/alvarTest/build/CMakeFiles/CMakeTmp« wird verlassen
make: *** [cmTryCompileExec2562506977/fast] Fehler 2


